<?xml version="1.0" encoding="UTF-8"?>
<testsuites name="jest tests" tests="2" failures="0" errors="0" time="0.86">
  <testsuite name="HomePage" errors="0" failures="0" skipped="0" timestamp="2022-09-18T12:02:03" time="0.557" tests="1">
    <testcase classname="HomePage It renders Home page" name="HomePage It renders Home page" time="0.024">
    </testcase>
  </testsuite>
  <testsuite name="HomePage" errors="0" failures="0" skipped="0" timestamp="2022-09-18T12:02:03" time="0.59" tests="1">
    <testcase classname="HomePage It renders Home page" name="HomePage It renders Home page" time="0.058">
    </testcase>
  </testsuite>
</testsuites>