<?xml version="1.0" encoding="UTF-8"?>
<testsuites name="jest tests" tests="2" failures="0" errors="0" time="0.494">
  <testsuite name="Input" errors="0" failures="0" skipped="0" timestamp="2022-09-18T15:19:33" time="0.486" tests="2">
    <testcase classname="Input It renders Input with label" name="Input It renders Input with label" time="0.012">
    </testcase>
    <testcase classname="Input It renders Input with NO label" name="Input It renders Input with NO label" time="0.002">
    </testcase>
  </testsuite>
</testsuites>