<?xml version="1.0" encoding="UTF-8"?>
<testsuites name="jest tests" tests="1" failures="0" errors="0" time="0.734">
  <testsuite name="HomePage" errors="0" failures="0" skipped="0" timestamp="2022-09-18T11:50:34" time="0.484" tests="1">
    <testcase classname="HomePage It renders Home page" name="HomePage It renders Home page" time="0.033">
    </testcase>
  </testsuite>
</testsuites>